<?xml version="1.0" encoding="UTF-8"?>
<!-- Generated by org.testng.reporters.JUnitXMLReporter -->
<testsuite ignored="0" hostname="Chandini" failures="1" tests="8" name="Test" time="95.748" errors="0" timestamp="16 Sept 2024 07:41:23 GMT">
  <testcase classname="testCases.TC001_AccountRegistrationTest" name="verifyRegistrationTest" time="11.683">
    <failure type="org.openqa.selenium.ElementNotInteractableException" message="element not interactable
  (Session info: chrome=128.0.6613.138)
Build info: version: &amp;apos;4.20.0&amp;apos;, revision: &amp;apos;866c76ca80&amp;apos;
System info: os.name: &amp;apos;Windows 11&amp;apos;, os.arch: &amp;apos;amd64&amp;apos;, os.version: &amp;apos;10.0&amp;apos;, java.version: &amp;apos;21.0.3&amp;apos;
Driver info: org.openqa.selenium.chrome.ChromeDriver
Command: [387400bb42f16d27bcae94d55cb5ac23, clickElement {id=f.1B11BDD9D92613773E0DB495EF4E96A2.d.AB6ADFE2F18D3C04D3816A15003E4AAB.e.79}]
Capabilities {acceptInsecureCerts: false, browserName: chrome, browserVersion: 128.0.6613.138, chrome: {chromedriverVersion: 128.0.6613.137 (fe621c5aa2d..., userDataDir: C:\Users\Chand\AppData\Loca...}, fedcm:accounts: true, goog:chromeOptions: {debuggerAddress: localhost:61513}, networkConnectionEnabled: false, pageLoadStrategy: normal, platformName: windows, proxy: Proxy(), se:cdp: ws://localhost:61513/devtoo..., se:cdpVersion: 128.0.6613.138, setWindowRect: true, strictFileInteractability: false, timeouts: {implicit: 0, pageLoad: 300000, script: 30000}, unhandledPromptBehavior: dismiss and notify, webauthn:extension:credBlob: true, webauthn:extension:largeBlob: true, webauthn:extension:minPinLength: true, webauthn:extension:prf: true, webauthn:virtualAuthenticators: true}
Element: [[ChromeDriver: chrome on windows (387400bb42f16d27bcae94d55cb5ac23)] -&amp;gt; xpath: (//*[text()=&amp;apos;Register&amp;apos;])[1]]
Session ID: 387400bb42f16d27bcae94d55cb5ac23">
      <![CDATA[org.openqa.selenium.ElementNotInteractableException: element not interactable
  (Session info: chrome=128.0.6613.138)
Build info: version: '4.20.0', revision: '866c76ca80'
System info: os.name: 'Windows 11', os.arch: 'amd64', os.version: '10.0', java.version: '21.0.3'
Driver info: org.openqa.selenium.chrome.ChromeDriver
Command: [387400bb42f16d27bcae94d55cb5ac23, clickElement {id=f.1B11BDD9D92613773E0DB495EF4E96A2.d.AB6ADFE2F18D3C04D3816A15003E4AAB.e.79}]
Capabilities {acceptInsecureCerts: false, browserName: chrome, browserVersion: 128.0.6613.138, chrome: {chromedriverVersion: 128.0.6613.137 (fe621c5aa2d..., userDataDir: C:\Users\Chand\AppData\Loca...}, fedcm:accounts: true, goog:chromeOptions: {debuggerAddress: localhost:61513}, networkConnectionEnabled: false, pageLoadStrategy: normal, platformName: windows, proxy: Proxy(), se:cdp: ws://localhost:61513/devtoo..., se:cdpVersion: 128.0.6613.138, setWindowRect: true, strictFileInteractability: false, timeouts: {implicit: 0, pageLoad: 300000, script: 30000}, unhandledPromptBehavior: dismiss and notify, webauthn:extension:credBlob: true, webauthn:extension:largeBlob: true, webauthn:extension:minPinLength: true, webauthn:extension:prf: true, webauthn:virtualAuthenticators: true}
Element: [[ChromeDriver: chrome on windows (387400bb42f16d27bcae94d55cb5ac23)] -> xpath: (//*[text()='Register'])[1]]
Session ID: 387400bb42f16d27bcae94d55cb5ac23
	at org.openqa.selenium.remote.ErrorCodec.decode(ErrorCodec.java:167)
	at org.openqa.selenium.remote.codec.w3c.W3CHttpResponseCodec.decode(W3CHttpResponseCodec.java:138)
	at org.openqa.selenium.remote.codec.w3c.W3CHttpResponseCodec.decode(W3CHttpResponseCodec.java:50)
	at org.openqa.selenium.remote.HttpCommandExecutor.execute(HttpCommandExecutor.java:190)
	at org.openqa.selenium.remote.service.DriverCommandExecutor.invokeExecute(DriverCommandExecutor.java:216)
	at org.openqa.selenium.remote.service.DriverCommandExecutor.execute(DriverCommandExecutor.java:174)
	at org.openqa.selenium.remote.RemoteWebDriver.execute(RemoteWebDriver.java:518)
	at org.openqa.selenium.remote.RemoteWebElement.execute(RemoteWebElement.java:223)
	at org.openqa.selenium.remote.RemoteWebElement.click(RemoteWebElement.java:76)
	at org.openqa.selenium.support.pagefactory.internal.LocatingElementHandler.invoke(LocatingElementHandler.java:51)
	at jdk.proxy2/jdk.proxy2.$Proxy30.click(Unknown Source)
	at pageObjects.HomePage.clickRegisterLink(HomePage.java:32)
	at testCases.TC001_AccountRegistrationTest.verifyRegistrationTest(TC001_AccountRegistrationTest.java:28)
... Removed 28 stack frames]]>
    </failure>
  </testcase> <!-- verifyRegistrationTest -->
  <testcase classname="testCases.TC002_LoginTest" name="testLoginFunctionality" time="10.682"/>
  <testcase classname="testCases.TC003_LoginDDT" name="verify_loginDDT" time="7.089"/>
  <testcase classname="testCases.TC003_LoginDDT" name="verify_loginDDT" time="9.076"/>
  <testcase classname="testCases.TC003_LoginDDT" name="verify_loginDDT" time="4.802"/>
  <testcase classname="testCases.TC003_LoginDDT" name="verify_loginDDT" time="3.682"/>
  <testcase classname="testCases.TC003_LoginDDT" name="verify_loginDDT" time="4.025"/>
  <testcase classname="testCases.TC003_LoginDDT" name="verify_loginDDT" time="3.909"/>
</testsuite> <!-- Test -->
